2026-02-03 22:17:25 [INFO] ==================================================
2026-02-03 22:17:25 [INFO] Time OS Daemon starting
2026-02-03 22:17:25 [INFO] Jobs: collect, autonomous, backup
2026-02-03 22:17:25 [INFO] ==================================================
2026-02-03 22:17:25 [INFO] PID 8408 written to /Users/molhamhomsi/clawd/moh_time_os/data/daemon.pid
2026-02-03 22:17:25 [INFO] ▶ Running collect...
2026-02-03 22:17:53 [INFO] ✓ collect completed in 28.4s
2026-02-03 22:17:53 [INFO] ▶ Running autonomous...
2026-02-03 22:19:09 [INFO] ✓ autonomous completed in 76.3s
2026-02-03 22:19:09 [INFO] ▶ Running backup...
2026-02-03 22:19:09 [INFO] ✓ backup completed in 0.1s
2026-02-03 22:19:40 [INFO] ⏰ Detected wake from sleep (0:01:44.769502)
2026-02-03 22:33:11 [INFO] ▶ Running autonomous...
2026-02-03 22:35:11 [ERROR] ✗ autonomous timed out after 120s
2026-02-03 22:35:41 [INFO] ⏰ Detected wake from sleep (0:02:00.105958)
2026-02-03 22:35:41 [INFO] ▶ Running autonomous...
2026-02-03 22:37:41 [ERROR] ✗ autonomous timed out after 120s
2026-02-03 22:38:11 [INFO] ⏰ Detected wake from sleep (0:01:59.752490)
2026-02-03 22:40:11 [INFO] ▶ Running autonomous...
2026-02-03 22:42:11 [ERROR] ✗ autonomous timed out after 120s
2026-02-03 22:42:41 [INFO] ⏰ Detected wake from sleep (0:02:00.067504)
2026-02-03 22:47:42 [INFO] ▶ Running collect...
2026-02-03 22:48:09 [INFO] ✓ collect completed in 27.0s
2026-02-03 22:48:39 [INFO] ▶ Running autonomous...
2026-02-03 22:49:53 [INFO] ✓ autonomous completed in 74.1s
2026-02-03 23:03:55 [INFO] ▶ Running autonomous...
2026-02-03 23:05:09 [INFO] ✓ autonomous completed in 74.6s
2026-02-03 23:18:11 [INFO] ▶ Running collect...
2026-02-03 23:18:45 [INFO] ✓ collect completed in 33.8s
2026-02-03 23:19:15 [INFO] ▶ Running autonomous...
2026-02-03 23:20:31 [INFO] ✓ autonomous completed in 76.2s
2026-02-03 23:34:33 [INFO] ▶ Running autonomous...
2026-02-03 23:35:54 [INFO] ✓ autonomous completed in 81.0s
2026-02-03 23:48:26 [INFO] ▶ Running collect...
2026-02-03 23:48:54 [INFO] ✓ collect completed in 28.6s
2026-02-03 23:49:55 [INFO] ▶ Running autonomous...
2026-02-03 23:51:35 [INFO] ✓ autonomous completed in 100.0s
2026-02-03 23:52:05 [INFO] ⏰ Detected wake from sleep (0:01:40.060364)
2026-02-04 00:05:06 [INFO] ▶ Running autonomous...
2026-02-04 00:06:32 [INFO] ✓ autonomous completed in 85.2s
2026-02-04 00:18:34 [INFO] ▶ Running collect...
2026-02-04 00:18:34 [INFO] ✓ collect completed in 0.2s
2026-02-04 00:20:35 [INFO] ▶ Running autonomous...
2026-02-04 00:20:43 [INFO] ✓ autonomous completed in 8.8s
2026-02-04 00:35:45 [INFO] ▶ Running autonomous...
2026-02-04 00:36:58 [INFO] ✓ autonomous completed in 72.5s
2026-02-04 00:48:59 [INFO] ▶ Running collect...
2026-02-04 00:49:26 [INFO] ✓ collect completed in 27.1s
2026-02-04 00:50:57 [INFO] ▶ Running autonomous...
2026-02-04 00:52:16 [INFO] ✓ autonomous completed in 79.3s
2026-02-04 01:06:18 [INFO] ▶ Running autonomous...
2026-02-04 01:08:18 [ERROR] ✗ autonomous timed out after 120s
2026-02-04 01:08:48 [INFO] ⏰ Detected wake from sleep (0:02:00.102744)
2026-02-04 01:08:48 [INFO] ▶ Running autonomous...
2026-02-04 01:10:48 [ERROR] ✗ autonomous timed out after 120s
2026-02-04 01:11:18 [INFO] ⏰ Detected wake from sleep (0:02:00.103710)
2026-02-04 01:12:48 [INFO] ▶ Running autonomous...
2026-02-04 01:14:48 [ERROR] ✗ autonomous timed out after 120s
2026-02-04 01:15:18 [INFO] ⏰ Detected wake from sleep (0:02:00.101175)
2026-02-04 01:19:19 [INFO] ▶ Running collect...
2026-02-04 01:19:51 [INFO] ✓ collect completed in 31.8s
2026-02-04 01:20:51 [INFO] ▶ Running autonomous...
2026-02-04 01:22:51 [ERROR] ✗ autonomous timed out after 120s
2026-02-04 01:23:21 [INFO] ⏰ Detected wake from sleep (0:02:00.090917)
2026-02-04 01:35:53 [INFO] ▶ Running autonomous...
2026-02-04 01:37:53 [ERROR] ✗ autonomous timed out after 120s
2026-02-04 01:38:23 [INFO] ⏰ Detected wake from sleep (0:02:00.178527)
2026-02-04 01:49:25 [INFO] ▶ Running collect...
2026-02-04 01:49:56 [INFO] ✓ collect completed in 30.7s
2026-02-04 01:50:56 [INFO] ▶ Running autonomous...
2026-02-04 01:52:56 [ERROR] ✗ autonomous timed out after 120s
2026-02-04 01:53:26 [INFO] ⏰ Detected wake from sleep (0:02:00.136520)
2026-02-04 02:05:58 [INFO] ▶ Running autonomous...
2026-02-04 02:07:58 [ERROR] ✗ autonomous timed out after 120s
2026-02-04 02:08:28 [INFO] ⏰ Detected wake from sleep (0:02:00.106498)
2026-02-04 02:19:29 [INFO] ▶ Running collect...
2026-02-04 02:19:56 [INFO] ✓ collect completed in 27.0s
2026-02-04 02:21:26 [INFO] ▶ Running autonomous...
2026-02-04 02:23:26 [ERROR] ✗ autonomous timed out after 120s
2026-02-04 02:23:56 [INFO] ⏰ Detected wake from sleep (0:02:00.094177)
2026-02-04 02:36:28 [INFO] ▶ Running autonomous...
2026-02-04 02:38:28 [ERROR] ✗ autonomous timed out after 120s
2026-02-04 02:38:58 [INFO] ⏰ Detected wake from sleep (0:02:00.079352)
2026-02-04 02:49:29 [INFO] ▶ Running collect...
2026-02-04 02:49:56 [INFO] ✓ collect completed in 27.1s
2026-02-04 02:51:57 [INFO] ▶ Running autonomous...
2026-02-04 02:53:57 [ERROR] ✗ autonomous timed out after 120s
2026-02-04 02:54:27 [INFO] ⏰ Detected wake from sleep (0:02:00.108726)
2026-02-04 03:06:58 [INFO] ▶ Running autonomous...
2026-02-04 03:07:28 [INFO] ✓ autonomous completed in 30.2s
2026-02-04 03:19:30 [INFO] ▶ Running collect...
2026-02-04 03:19:56 [INFO] ✓ collect completed in 26.5s
2026-02-04 03:22:26 [INFO] ▶ Running autonomous...
2026-02-04 03:22:54 [INFO] ✓ autonomous completed in 27.2s
2026-02-04 03:37:56 [INFO] ▶ Running autonomous...
2026-02-04 03:38:24 [INFO] ✓ autonomous completed in 27.9s
2026-02-04 03:49:56 [INFO] ▶ Running collect...
2026-02-04 03:50:22 [INFO] ✓ collect completed in 25.9s
2026-02-04 03:53:22 [INFO] ▶ Running autonomous...
2026-02-04 03:53:51 [INFO] ✓ autonomous completed in 28.8s
2026-02-04 04:08:23 [INFO] ▶ Running autonomous...
2026-02-04 04:08:52 [INFO] ✓ autonomous completed in 28.6s
2026-02-04 04:20:24 [INFO] ▶ Running collect...
2026-02-04 04:20:52 [INFO] ✓ collect completed in 27.3s
2026-02-04 04:23:53 [INFO] ▶ Running autonomous...
2026-02-04 04:24:27 [INFO] ✓ autonomous completed in 34.4s
2026-02-04 04:39:01 [INFO] ▶ Running autonomous...
2026-02-04 04:39:31 [INFO] ✓ autonomous completed in 30.3s
2026-02-04 04:50:34 [INFO] ▶ Running collect...
2026-02-04 04:51:02 [INFO] ✓ collect completed in 27.9s
2026-02-04 04:54:03 [INFO] ▶ Running autonomous...
2026-02-04 04:54:32 [INFO] ✓ autonomous completed in 29.3s
2026-02-04 05:09:06 [INFO] ▶ Running autonomous...
2026-02-04 05:09:34 [INFO] ✓ autonomous completed in 27.7s
2026-02-04 05:20:37 [INFO] ▶ Running collect...
2026-02-04 05:21:05 [INFO] ✓ collect completed in 28.5s
2026-02-04 05:24:06 [INFO] ▶ Running autonomous...
2026-02-04 05:24:36 [INFO] ✓ autonomous completed in 29.4s
2026-02-04 05:39:10 [INFO] ▶ Running autonomous...
2026-02-04 05:39:37 [INFO] ✓ autonomous completed in 27.9s
2026-02-04 05:50:40 [INFO] ▶ Running collect...
2026-02-04 05:51:08 [INFO] ✓ collect completed in 27.4s
2026-02-04 05:54:39 [INFO] ▶ Running autonomous...
2026-02-04 05:55:10 [INFO] ✓ autonomous completed in 31.1s
2026-02-04 06:09:43 [INFO] ▶ Running autonomous...
2026-02-04 06:10:11 [INFO] ✓ autonomous completed in 27.5s
2026-02-04 06:20:44 [INFO] ▶ Running collect...
2026-02-04 06:21:09 [INFO] ✓ collect completed in 25.5s
2026-02-04 06:25:10 [INFO] ▶ Running autonomous...
2026-02-04 06:25:44 [INFO] ✓ autonomous completed in 33.4s
2026-02-04 06:40:18 [INFO] ▶ Running autonomous...
2026-02-04 06:40:47 [INFO] ✓ autonomous completed in 28.7s
2026-02-04 06:50:49 [INFO] ▶ Running collect...
2026-02-04 06:51:15 [INFO] ✓ collect completed in 25.9s
2026-02-04 06:55:46 [INFO] ▶ Running autonomous...
2026-02-04 06:56:14 [INFO] ✓ autonomous completed in 27.9s
2026-02-04 07:11:16 [INFO] ▶ Running autonomous...
2026-02-04 07:11:44 [INFO] ✓ autonomous completed in 28.7s
2026-02-04 07:21:16 [INFO] ▶ Running collect...
2026-02-04 07:21:42 [INFO] ✓ collect completed in 26.1s
2026-02-04 07:26:43 [INFO] ▶ Running autonomous...
2026-02-04 07:27:12 [INFO] ✓ autonomous completed in 29.6s
2026-02-04 07:41:44 [INFO] ▶ Running autonomous...
2026-02-04 07:42:12 [INFO] ✓ autonomous completed in 28.0s
2026-02-04 07:51:43 [INFO] ▶ Running collect...
2026-02-04 07:52:10 [INFO] ✓ collect completed in 26.5s
2026-02-04 07:57:10 [INFO] ▶ Running autonomous...
2026-02-04 07:57:39 [INFO] ✓ autonomous completed in 28.5s
2026-02-04 08:12:11 [INFO] ▶ Running autonomous...
2026-02-04 08:12:40 [INFO] ✓ autonomous completed in 28.7s
2026-02-04 08:22:11 [INFO] ▶ Running collect...
2026-02-04 08:22:38 [INFO] ✓ collect completed in 26.7s
2026-02-04 08:27:38 [INFO] ▶ Running autonomous...
2026-02-04 08:28:06 [INFO] ✓ autonomous completed in 28.0s
2026-02-04 08:42:38 [INFO] ▶ Running autonomous...
2026-02-04 08:43:06 [INFO] ✓ autonomous completed in 28.2s
2026-02-04 09:20:34 [INFO] ⏰ Detected wake from sleep (0:29:56.458892)
2026-02-04 09:20:34 [INFO] ▶ Running collect...
2026-02-04 09:20:59 [INFO] ✓ collect completed in 24.7s
2026-02-04 09:20:59 [INFO] ▶ Running autonomous...
2026-02-04 09:21:27 [INFO] ✓ autonomous completed in 28.9s
2026-02-04 09:36:01 [INFO] ▶ Running autonomous...
2026-02-04 09:36:27 [INFO] ✓ autonomous completed in 26.7s
2026-02-04 09:51:01 [INFO] ▶ Running collect...
2026-02-04 09:51:24 [INFO] ✓ collect completed in 22.9s
2026-02-04 09:51:24 [INFO] ▶ Running autonomous...
2026-02-04 09:51:49 [INFO] ✓ autonomous completed in 25.3s
2026-02-04 10:06:52 [INFO] ▶ Running autonomous...
2026-02-04 10:07:18 [INFO] ✓ autonomous completed in 25.5s
2026-02-04 10:21:19 [INFO] ▶ Running collect...
2026-02-04 10:21:54 [INFO] ✓ collect completed in 34.7s
2026-02-04 10:21:54 [INFO] ▶ Running autonomous...
2026-02-04 10:22:27 [INFO] ✓ autonomous completed in 33.4s
2026-02-04 10:36:59 [INFO] ▶ Running autonomous...
2026-02-04 10:37:25 [INFO] ✓ autonomous completed in 25.5s
2026-02-04 10:51:27 [INFO] ▶ Running collect...
2026-02-04 10:51:49 [INFO] ✓ collect completed in 22.7s
2026-02-04 10:52:20 [INFO] ▶ Running autonomous...
2026-02-04 10:52:46 [INFO] ✓ autonomous completed in 26.1s
2026-02-04 11:07:49 [INFO] ▶ Running autonomous...
2026-02-04 11:08:13 [INFO] ✓ autonomous completed in 24.0s
2026-02-04 11:21:46 [INFO] ▶ Running collect...
2026-02-04 11:22:10 [INFO] ✓ collect completed in 23.9s
2026-02-04 11:23:10 [INFO] ▶ Running autonomous...
2026-02-04 11:23:36 [INFO] ✓ autonomous completed in 26.0s
2026-02-04 11:38:38 [INFO] ▶ Running autonomous...
2026-02-04 11:38:48 [INFO] ✓ autonomous completed in 9.8s
2026-02-04 11:51:51 [INFO] ▶ Running collect...
2026-02-04 11:52:17 [INFO] ✓ collect completed in 26.3s
2026-02-04 11:53:48 [INFO] ▶ Running autonomous...
2026-02-04 11:54:17 [INFO] ✓ autonomous completed in 29.2s
2026-02-04 12:08:48 [INFO] ▶ Running autonomous...
2026-02-04 12:09:37 [INFO] ✓ autonomous completed in 49.0s
2026-02-04 12:22:09 [INFO] ▶ Running collect...
2026-02-04 12:22:12 [INFO] ✓ collect completed in 2.6s
2026-02-04 12:24:12 [INFO] ▶ Running autonomous...
2026-02-04 12:24:45 [INFO] ✓ autonomous completed in 32.5s
2026-02-04 12:39:16 [INFO] ▶ Running autonomous...
2026-02-04 12:39:47 [INFO] ✓ autonomous completed in 30.6s
2026-02-04 12:52:18 [INFO] ▶ Running collect...
2026-02-04 12:52:49 [INFO] ✓ collect completed in 31.1s
2026-02-04 12:54:20 [INFO] ▶ Running autonomous...
2026-02-04 12:54:52 [INFO] ✓ autonomous completed in 31.9s
2026-02-04 13:09:23 [INFO] ▶ Running autonomous...
2026-02-04 13:09:55 [INFO] ✓ autonomous completed in 32.0s
2026-02-04 13:22:26 [INFO] ▶ Running collect...
2026-02-04 13:22:27 [INFO] ✓ collect completed in 0.3s
2026-02-04 13:24:27 [INFO] ▶ Running autonomous...
2026-02-04 13:24:59 [INFO] ✓ autonomous completed in 32.3s
2026-02-04 13:39:32 [INFO] ▶ Running autonomous...
2026-02-04 13:40:08 [INFO] ✓ autonomous completed in 36.0s
2026-02-04 13:52:39 [INFO] ▶ Running collect...
2026-02-04 13:53:08 [INFO] ✓ collect completed in 29.4s
2026-02-04 13:54:38 [INFO] ▶ Running autonomous...
2026-02-04 13:55:09 [INFO] ✓ autonomous completed in 30.7s
2026-02-04 14:09:41 [INFO] ▶ Running autonomous...
2026-02-04 14:10:11 [INFO] ✓ autonomous completed in 30.4s
2026-02-04 14:23:04 [INFO] ▶ Running collect...
2026-02-04 14:23:32 [INFO] ✓ collect completed in 28.1s
2026-02-04 14:25:03 [INFO] ▶ Running autonomous...
2026-02-04 14:25:33 [INFO] ✓ autonomous completed in 30.3s
2026-02-04 14:40:05 [INFO] ▶ Running autonomous...
2026-02-04 14:40:34 [INFO] ✓ autonomous completed in 28.6s
2026-02-04 14:53:06 [INFO] ▶ Running collect...
2026-02-04 14:53:37 [INFO] ✓ collect completed in 31.8s
2026-02-04 14:55:08 [INFO] ▶ Running autonomous...
2026-02-04 14:55:37 [INFO] ✓ autonomous completed in 28.9s
2026-02-04 15:10:09 [INFO] ▶ Running autonomous...
2026-02-04 15:11:54 [INFO] ✓ autonomous completed in 105.1s
2026-02-04 15:12:24 [INFO] ⏰ Detected wake from sleep (0:01:45.258864)
2026-02-04 15:47:14 [INFO] ⏰ Detected wake from sleep (0:31:49.855841)
2026-02-04 15:47:14 [INFO] ▶ Running collect...
2026-02-04 15:47:15 [INFO] ✓ collect completed in 0.4s
2026-02-04 15:47:15 [INFO] ▶ Running autonomous...
2026-02-04 16:37:22 [INFO] ✓ autonomous completed in 3007.0s
2026-02-04 17:02:46 [INFO] ⏰ Detected wake from sleep (1:15:02.056902)
2026-02-04 17:02:46 [INFO] ▶ Running collect...
2026-02-04 17:03:15 [INFO] ✓ collect completed in 28.9s
2026-02-04 17:03:15 [INFO] ▶ Running autonomous...
2026-02-04 17:03:49 [INFO] ✓ autonomous completed in 33.6s
2026-02-04 17:18:21 [INFO] ▶ Running autonomous...
2026-02-04 17:18:55 [INFO] ✓ autonomous completed in 35.0s
2026-02-04 17:32:57 [INFO] ▶ Running collect...
2026-02-04 17:33:23 [INFO] ✓ collect completed in 25.7s
2026-02-04 17:33:23 [INFO] ▶ Running autonomous...
2026-02-04 17:34:07 [INFO] ✓ autonomous completed in 44.6s
2026-02-04 18:09:08 [INFO] ⏰ Detected wake from sleep (0:35:40.358448)
2026-02-04 18:09:08 [INFO] ▶ Running collect...
2026-02-04 18:09:08 [INFO] ✓ collect completed in 0.4s
2026-02-04 18:09:08 [INFO] ▶ Running autonomous...
2026-02-04 18:25:40 [INFO] ✓ autonomous completed in 992.1s
2026-02-04 18:56:22 [INFO] ⏰ Detected wake from sleep (0:46:44.369915)
2026-02-04 18:56:22 [INFO] ▶ Running collect...
2026-02-04 18:56:22 [INFO] ✓ collect completed in 0.2s
2026-02-04 18:56:22 [INFO] ▶ Running autonomous...
2026-02-04 18:56:32 [INFO] ✓ autonomous completed in 10.1s
2026-02-04 19:11:34 [INFO] ▶ Running autonomous...
2026-02-04 19:12:05 [INFO] ✓ autonomous completed in 30.6s
2026-02-04 19:26:38 [INFO] ▶ Running collect...
2026-02-04 19:27:11 [INFO] ✓ collect completed in 32.7s
2026-02-04 19:27:11 [INFO] ▶ Running autonomous...
2026-02-04 19:27:45 [INFO] ✓ autonomous completed in 34.0s
2026-02-04 19:56:08 [INFO] ⏰ Detected wake from sleep (0:25:52.799307)
2026-02-04 19:56:08 [INFO] ▶ Running autonomous...
2026-02-04 19:56:18 [INFO] ✓ autonomous completed in 10.0s
2026-02-04 19:56:48 [INFO] ▶ Running collect...
2026-02-04 19:56:48 [INFO] ✓ collect completed in 0.3s
2026-02-04 20:10:40 [INFO] ⏰ Detected wake from sleep (0:08:50.502047)
2026-02-04 20:14:37 [INFO] ⏰ Detected wake from sleep (0:03:26.819136)
2026-02-04 20:14:37 [INFO] ▶ Running autonomous...
2026-02-04 20:15:12 [INFO] ✓ autonomous completed in 35.0s
2026-02-04 20:27:13 [INFO] ▶ Running collect...
2026-02-04 20:27:41 [INFO] ✓ collect completed in 27.7s
2026-02-04 20:29:41 [INFO] ▶ Running autonomous...
2026-02-04 20:30:12 [INFO] ✓ autonomous completed in 30.6s
2026-02-04 20:44:45 [INFO] ▶ Running autonomous...
2026-02-04 20:45:15 [INFO] ✓ autonomous completed in 30.4s
2026-02-04 20:57:16 [INFO] ▶ Running collect...
2026-02-04 20:57:44 [INFO] ✓ collect completed in 28.3s
2026-02-04 20:59:45 [INFO] ▶ Running autonomous...
2026-02-04 21:00:15 [INFO] ✓ autonomous completed in 30.0s
2026-02-04 21:14:47 [INFO] ▶ Running autonomous...
2026-02-04 21:15:16 [INFO] ✓ autonomous completed in 29.9s
2026-02-04 21:27:19 [INFO] ▶ Running collect...
2026-02-04 21:27:46 [INFO] ✓ collect completed in 26.9s
2026-02-04 21:30:16 [INFO] ▶ Running autonomous...
2026-02-04 21:30:50 [INFO] ✓ autonomous completed in 33.6s
2026-02-04 21:45:22 [INFO] ▶ Running autonomous...
2026-02-04 21:45:55 [INFO] ✓ autonomous completed in 32.9s
2026-02-04 21:57:26 [INFO] ▶ Running collect...
2026-02-04 21:57:51 [INFO] ✓ collect completed in 24.8s
2026-02-04 22:00:51 [INFO] ▶ Running autonomous...
2026-02-04 22:01:22 [INFO] ✓ autonomous completed in 30.3s
2026-02-04 22:15:53 [INFO] ▶ Running autonomous...
2026-02-04 22:16:23 [INFO] ✓ autonomous completed in 29.4s
2026-02-04 22:19:23 [INFO] ▶ Running backup...
2026-02-04 22:19:23 [INFO] ✓ backup completed in 0.2s
2026-02-04 22:27:55 [INFO] ▶ Running collect...
2026-02-04 22:28:20 [INFO] ✓ collect completed in 25.6s
2026-02-04 22:31:20 [INFO] ▶ Running autonomous...
2026-02-04 22:31:50 [INFO] ✓ autonomous completed in 29.1s
2026-02-04 22:46:21 [INFO] ▶ Running autonomous...
2026-02-04 22:46:49 [INFO] ✓ autonomous completed in 28.0s
2026-02-04 22:58:21 [INFO] ▶ Running collect...
2026-02-04 22:58:47 [INFO] ✓ collect completed in 25.9s
2026-02-04 23:01:48 [INFO] ▶ Running autonomous...
2026-02-04 23:02:16 [INFO] ✓ autonomous completed in 27.8s
2026-02-04 23:26:57 [INFO] ⏰ Detected wake from sleep (0:14:40.023186)
2026-02-04 23:26:57 [INFO] ▶ Running autonomous...
2026-02-04 23:35:53 [INFO] ✓ autonomous completed in 535.7s
2026-02-04 23:36:23 [INFO] ⏰ Detected wake from sleep (0:08:55.706489)
2026-02-04 23:36:23 [INFO] ▶ Running collect...
2026-02-04 23:36:53 [INFO] ✓ collect completed in 30.1s
2026-02-04 23:42:24 [INFO] ▶ Running autonomous...
2026-02-04 23:42:56 [INFO] ✓ autonomous completed in 32.1s
2026-02-04 23:57:27 [INFO] ▶ Running autonomous...
2026-02-04 23:57:59 [INFO] ✓ autonomous completed in 31.5s
2026-02-05 00:06:30 [INFO] ▶ Running collect...
2026-02-05 00:09:30 [ERROR] ✗ collect timed out after 180s
2026-02-05 00:10:00 [INFO] ⏰ Detected wake from sleep (0:02:59.989655)
2026-02-05 00:10:00 [INFO] ▶ Running collect...
2026-02-05 00:10:39 [INFO] ✓ collect completed in 38.3s
2026-02-05 00:12:39 [INFO] ▶ Running autonomous...
2026-02-05 00:13:36 [INFO] ✓ autonomous completed in 57.2s
2026-02-05 00:28:08 [INFO] ▶ Running autonomous...
2026-02-05 00:29:47 [INFO] ✓ autonomous completed in 98.8s
2026-02-05 00:30:17 [INFO] ⏰ Detected wake from sleep (0:01:38.900986)
2026-02-05 00:40:19 [INFO] ▶ Running collect...
2026-02-05 00:40:53 [INFO] ✓ collect completed in 33.3s
2026-02-05 00:43:23 [INFO] ▶ Running autonomous...
2026-02-05 00:43:58 [INFO] ✓ autonomous completed in 34.8s
2026-02-05 00:58:47 [INFO] ▶ Running autonomous...
2026-02-05 00:59:19 [INFO] ✓ autonomous completed in 31.9s
2026-02-05 01:10:21 [INFO] ▶ Running collect...
2026-02-05 01:10:47 [INFO] ✓ collect completed in 26.5s
2026-02-05 01:13:48 [INFO] ▶ Running autonomous...
2026-02-05 01:14:19 [INFO] ✓ autonomous completed in 31.2s
2026-02-05 01:28:51 [INFO] ▶ Running autonomous...
2026-02-05 01:29:23 [INFO] ✓ autonomous completed in 32.2s
2026-02-05 01:40:25 [INFO] ▶ Running collect...
2026-02-05 01:40:53 [INFO] ✓ collect completed in 28.0s
2026-02-05 01:43:53 [INFO] ▶ Running autonomous...
2026-02-05 01:44:23 [INFO] ✓ autonomous completed in 30.3s
2026-02-05 01:58:55 [INFO] ▶ Running autonomous...
2026-02-05 01:59:27 [INFO] ✓ autonomous completed in 31.9s
2026-02-05 02:10:28 [INFO] ▶ Running collect...
2026-02-05 02:10:57 [INFO] ✓ collect completed in 28.7s
2026-02-05 02:13:57 [INFO] ▶ Running autonomous...
2026-02-05 02:14:31 [INFO] ✓ autonomous completed in 33.7s
2026-02-05 02:29:03 [INFO] ▶ Running autonomous...
2026-02-05 02:29:33 [INFO] ✓ autonomous completed in 29.8s
2026-02-05 02:40:34 [INFO] ▶ Running collect...
2026-02-05 02:41:06 [INFO] ✓ collect completed in 32.1s
2026-02-05 02:44:06 [INFO] ▶ Running autonomous...
2026-02-05 02:44:40 [INFO] ✓ autonomous completed in 33.9s
2026-02-05 02:59:12 [INFO] ▶ Running autonomous...
2026-02-05 02:59:46 [INFO] ✓ autonomous completed in 33.6s
2026-02-05 03:10:47 [INFO] ▶ Running collect...
2026-02-05 03:11:20 [INFO] ✓ collect completed in 32.7s
2026-02-05 03:14:20 [INFO] ▶ Running autonomous...
2026-02-05 03:14:53 [INFO] ✓ autonomous completed in 32.3s
2026-02-05 03:29:25 [INFO] ▶ Running autonomous...
2026-02-05 03:29:57 [INFO] ✓ autonomous completed in 32.4s
2026-02-05 03:40:58 [INFO] ▶ Running collect...
2026-02-05 03:41:36 [INFO] ✓ collect completed in 38.3s
2026-02-05 03:44:37 [INFO] ▶ Running autonomous...
2026-02-05 03:45:10 [INFO] ✓ autonomous completed in 33.5s
2026-02-05 03:59:42 [INFO] ▶ Running autonomous...
2026-02-05 04:00:18 [INFO] ✓ autonomous completed in 36.6s
2026-02-05 04:11:20 [INFO] ▶ Running collect...
2026-02-05 04:11:54 [INFO] ✓ collect completed in 33.8s
2026-02-05 04:14:54 [INFO] ▶ Running autonomous...
2026-02-05 04:15:56 [INFO] ✓ autonomous completed in 61.9s
2026-02-05 04:29:58 [INFO] ▶ Running autonomous...
2026-02-05 04:31:44 [INFO] ✓ autonomous completed in 105.8s
2026-02-05 04:32:14 [INFO] ⏰ Detected wake from sleep (0:01:45.897014)
2026-02-05 04:41:45 [INFO] ▶ Running collect...
2026-02-05 04:42:20 [INFO] ✓ collect completed in 35.6s
2026-02-05 04:45:21 [INFO] ▶ Running autonomous...
2026-02-05 04:45:59 [INFO] ✓ autonomous completed in 38.2s
2026-02-05 05:00:31 [INFO] ▶ Running autonomous...
2026-02-05 05:01:05 [INFO] ✓ autonomous completed in 34.8s
2026-02-05 05:12:07 [INFO] ▶ Running collect...
2026-02-05 05:12:40 [INFO] ✓ collect completed in 33.5s
2026-02-05 05:15:41 [INFO] ▶ Running autonomous...
2026-02-05 05:16:09 [INFO] ✓ autonomous completed in 28.8s
2026-02-05 05:30:43 [INFO] ▶ Running autonomous...
2026-02-05 05:31:13 [INFO] ✓ autonomous completed in 30.0s
2026-02-05 05:42:16 [INFO] ▶ Running collect...
2026-02-05 05:42:48 [INFO] ✓ collect completed in 32.3s
2026-02-05 05:45:48 [INFO] ▶ Running autonomous...
2026-02-05 05:46:23 [INFO] ✓ autonomous completed in 34.9s
2026-02-05 06:00:56 [INFO] ▶ Running autonomous...
2026-02-05 06:01:27 [INFO] ✓ autonomous completed in 31.0s
2026-02-05 06:12:29 [INFO] ▶ Running collect...
2026-02-05 06:13:04 [INFO] ✓ collect completed in 34.2s
2026-02-05 06:16:04 [INFO] ▶ Running autonomous...
2026-02-05 06:16:33 [INFO] ✓ autonomous completed in 28.7s
2026-02-05 06:31:07 [INFO] ▶ Running autonomous...
2026-02-05 06:31:38 [INFO] ✓ autonomous completed in 30.8s
2026-02-05 06:42:40 [INFO] ▶ Running collect...
2026-02-05 06:43:11 [INFO] ✓ collect completed in 30.7s
2026-02-05 06:46:11 [INFO] ▶ Running autonomous...
2026-02-05 06:46:44 [INFO] ✓ autonomous completed in 32.2s
2026-02-05 07:01:17 [INFO] ▶ Running autonomous...
2026-02-05 07:01:47 [INFO] ✓ autonomous completed in 29.5s
2026-02-05 07:12:49 [INFO] ▶ Running collect...
2026-02-05 07:13:19 [INFO] ✓ collect completed in 29.9s
2026-02-05 07:16:20 [INFO] ▶ Running autonomous...
2026-02-05 07:18:05 [INFO] ✓ autonomous completed in 105.3s
2026-02-05 07:18:35 [INFO] ⏰ Detected wake from sleep (0:01:45.289479)
2026-02-05 07:31:38 [INFO] ▶ Running autonomous...
2026-02-05 07:32:06 [INFO] ✓ autonomous completed in 27.9s
2026-02-05 07:43:08 [INFO] ▶ Running collect...
2026-02-05 07:43:40 [INFO] ✓ collect completed in 32.0s
2026-02-05 07:46:41 [INFO] ▶ Running autonomous...
2026-02-05 07:47:11 [INFO] ✓ autonomous completed in 30.5s
2026-02-05 08:01:44 [INFO] ▶ Running autonomous...
2026-02-05 08:02:12 [INFO] ✓ autonomous completed in 28.1s
2026-02-05 08:13:14 [INFO] ▶ Running collect...
2026-02-05 08:13:46 [INFO] ✓ collect completed in 31.9s
2026-02-05 08:16:47 [INFO] ▶ Running autonomous...
2026-02-05 08:17:16 [INFO] ✓ autonomous completed in 29.4s
2026-02-05 08:31:49 [INFO] ▶ Running autonomous...
2026-02-05 08:32:19 [INFO] ✓ autonomous completed in 30.1s
2026-02-05 08:54:45 [INFO] ⏰ Detected wake from sleep (0:17:24.952804)
2026-02-05 08:54:45 [INFO] ▶ Running collect...
2026-02-05 08:55:12 [INFO] ✓ collect completed in 26.4s
2026-02-05 08:55:12 [INFO] ▶ Running autonomous...
2026-02-05 10:30:49 [ERROR] ✗ autonomous timed out after 120s
2026-02-05 10:31:19 [INFO] ⏰ Detected wake from sleep (1:36:03.473462)
2026-02-05 10:31:19 [INFO] ▶ Running collect...
2026-02-05 10:31:44 [INFO] ✓ collect completed in 25.3s
2026-02-05 10:31:44 [INFO] ▶ Running autonomous...
2026-02-05 10:32:09 [INFO] ✓ autonomous completed in 25.6s
2026-02-05 10:47:13 [INFO] ▶ Running autonomous...
2026-02-05 10:47:39 [INFO] ✓ autonomous completed in 26.2s
2026-02-05 11:01:42 [INFO] ▶ Running collect...
2026-02-05 11:02:05 [INFO] ✓ collect completed in 22.2s
2026-02-05 11:02:35 [INFO] ▶ Running autonomous...
2026-02-05 11:02:59 [INFO] ✓ autonomous completed in 24.2s
2026-02-05 11:18:02 [INFO] ▶ Running autonomous...
2026-02-05 11:18:28 [INFO] ✓ autonomous completed in 26.3s
2026-02-05 11:32:00 [INFO] ▶ Running collect...
2026-02-05 11:32:22 [INFO] ✓ collect completed in 22.7s
2026-02-05 11:33:22 [INFO] ▶ Running autonomous...
2026-02-05 11:33:49 [INFO] ✓ autonomous completed in 27.0s
2026-02-05 11:48:23 [INFO] ▶ Running autonomous...
2026-02-05 11:48:47 [INFO] ✓ autonomous completed in 24.4s
2026-02-05 12:02:19 [INFO] ▶ Running collect...
2026-02-05 12:02:19 [INFO] ✓ collect completed in 0.4s
2026-02-05 12:03:50 [INFO] ▶ Running autonomous...
2026-02-05 12:04:20 [INFO] ✓ autonomous completed in 30.7s
2026-02-05 12:18:52 [INFO] ▶ Running autonomous...
2026-02-05 12:19:21 [INFO] ✓ autonomous completed in 28.3s
2026-02-05 12:32:22 [INFO] ▶ Running collect...
2026-02-05 12:35:22 [ERROR] ✗ collect timed out after 180s
2026-02-05 12:35:22 [INFO] ▶ Running autonomous...
2026-02-05 12:36:27 [INFO] ✓ autonomous completed in 64.8s
2026-02-05 12:36:57 [INFO] ⏰ Detected wake from sleep (0:04:04.937637)
2026-02-05 12:36:57 [INFO] ▶ Running collect...
2026-02-05 12:37:58 [INFO] ✓ collect completed in 61.4s
2026-02-05 12:50:30 [INFO] ▶ Running autonomous...
2026-02-05 12:50:56 [INFO] ✓ autonomous completed in 26.3s
2026-02-05 13:17:52 [INFO] ⏰ Detected wake from sleep (0:13:24.268603)
2026-02-05 13:17:52 [INFO] ▶ Running collect...
2026-02-05 13:20:07 [INFO] ✓ collect completed in 134.8s
2026-02-05 13:20:07 [INFO] ▶ Running autonomous...
2026-02-05 13:20:36 [INFO] ✓ autonomous completed in 29.4s
2026-02-05 13:21:06 [INFO] ⏰ Detected wake from sleep (0:02:44.271404)
2026-02-05 13:35:08 [INFO] ▶ Running autonomous...
2026-02-05 13:35:36 [INFO] ✓ autonomous completed in 28.0s
2026-02-05 13:48:07 [INFO] ▶ Running collect...
2026-02-05 13:50:14 [INFO] ✓ collect completed in 126.4s
2026-02-05 13:50:14 [INFO] ▶ Running autonomous...
2026-02-05 13:52:07 [INFO] ✓ autonomous completed in 113.4s
2026-02-05 13:52:37 [INFO] ⏰ Detected wake from sleep (0:04:00.024158)
2026-02-05 14:06:45 [INFO] ⏰ Detected wake from sleep (0:02:36.215565)
2026-02-05 14:06:45 [INFO] ▶ Running autonomous...
2026-02-05 14:06:56 [INFO] ✓ autonomous completed in 10.9s
2026-02-05 14:18:27 [INFO] ▶ Running collect...
2026-02-05 14:21:27 [ERROR] ✗ collect timed out after 180s
2026-02-05 14:21:57 [INFO] ⏰ Detected wake from sleep (0:03:00.138735)
2026-02-05 14:21:57 [INFO] ▶ Running collect...
2026-02-05 14:24:57 [ERROR] ✗ collect timed out after 180s
2026-02-05 14:24:57 [INFO] ▶ Running autonomous...
2026-02-05 14:25:26 [INFO] ✓ autonomous completed in 28.7s
2026-02-05 14:25:56 [INFO] ⏰ Detected wake from sleep (0:03:28.810580)
2026-02-05 14:26:26 [INFO] ▶ Running collect...
2026-02-05 14:29:26 [ERROR] ✗ collect timed out after 180s
2026-02-05 14:29:56 [INFO] ⏰ Detected wake from sleep (0:03:00.165318)
2026-02-05 14:34:27 [INFO] ▶ Running collect...
2026-02-05 14:37:27 [ERROR] ✗ collect timed out after 180s
2026-02-05 14:37:57 [INFO] ⏰ Detected wake from sleep (0:03:00.150839)
2026-02-05 14:40:27 [INFO] ▶ Running autonomous...
2026-02-05 14:40:56 [INFO] ✓ autonomous completed in 29.3s
2026-02-05 14:50:28 [INFO] ▶ Running collect...
2026-02-05 14:53:28 [ERROR] ✗ collect timed out after 180s
2026-02-05 14:53:58 [INFO] ⏰ Detected wake from sleep (0:03:00.098860)
2026-02-05 14:55:28 [INFO] ▶ Running autonomous...
2026-02-05 14:55:55 [INFO] ✓ autonomous completed in 27.6s
2026-02-05 15:10:57 [INFO] ▶ Running autonomous...
2026-02-05 15:11:25 [INFO] ✓ autonomous completed in 27.2s
2026-02-05 15:20:56 [INFO] ▶ Running collect...
2026-02-05 15:23:56 [ERROR] ✗ collect timed out after 180s
2026-02-05 15:24:26 [INFO] ⏰ Detected wake from sleep (0:03:00.128047)
2026-02-05 15:26:26 [INFO] ▶ Running autonomous...
2026-02-05 15:26:57 [INFO] ✓ autonomous completed in 30.8s
2026-02-05 15:41:29 [INFO] ▶ Running autonomous...
2026-02-05 15:42:01 [INFO] ✓ autonomous completed in 32.0s
2026-02-05 15:51:02 [INFO] ▶ Running collect...
2026-02-05 15:54:02 [ERROR] ✗ collect timed out after 180s
2026-02-05 15:54:32 [INFO] ⏰ Detected wake from sleep (0:03:00.150277)
2026-02-05 15:56:32 [INFO] ▶ Running autonomous...
2026-02-05 15:57:05 [INFO] ✓ autonomous completed in 33.0s
2026-02-05 16:11:37 [INFO] ▶ Running autonomous...
2026-02-05 16:12:09 [INFO] ✓ autonomous completed in 32.1s
2026-02-05 16:21:10 [INFO] ▶ Running collect...
2026-02-05 16:24:10 [ERROR] ✗ collect timed out after 180s
2026-02-05 16:24:40 [INFO] ⏰ Detected wake from sleep (0:03:00.181842)
2026-02-05 16:26:41 [INFO] ▶ Running autonomous...
2026-02-05 16:27:14 [INFO] ✓ autonomous completed in 33.4s
2026-02-05 16:41:46 [INFO] ▶ Running autonomous...
2026-02-05 16:42:25 [INFO] ✓ autonomous completed in 39.6s
2026-02-05 16:51:27 [INFO] ▶ Running collect...
2026-02-05 16:54:27 [ERROR] ✗ collect timed out after 180s
2026-02-05 16:54:57 [INFO] ⏰ Detected wake from sleep (0:03:00.212242)
2026-02-05 16:56:58 [INFO] ▶ Running autonomous...
2026-02-05 16:57:31 [INFO] ✓ autonomous completed in 33.7s
2026-02-05 17:12:03 [INFO] ▶ Running autonomous...
2026-02-05 17:12:37 [INFO] ✓ autonomous completed in 33.3s
2026-02-05 17:21:38 [INFO] ▶ Running collect...
2026-02-05 17:24:38 [ERROR] ✗ collect timed out after 180s
2026-02-05 17:25:08 [INFO] ⏰ Detected wake from sleep (0:03:00.146435)
2026-02-05 17:27:08 [INFO] ▶ Running autonomous...
2026-02-05 17:27:41 [INFO] ✓ autonomous completed in 32.8s
2026-02-05 17:42:13 [INFO] ▶ Running autonomous...
2026-02-05 17:42:46 [INFO] ✓ autonomous completed in 33.1s
2026-02-05 17:51:47 [INFO] ▶ Running collect...
2026-02-05 17:54:47 [ERROR] ✗ collect timed out after 180s
2026-02-05 17:55:17 [INFO] ⏰ Detected wake from sleep (0:03:00.059558)
2026-02-05 17:57:18 [INFO] ▶ Running autonomous...
2026-02-05 17:57:55 [INFO] ✓ autonomous completed in 37.5s
2026-02-05 18:12:27 [INFO] ▶ Running autonomous...
2026-02-05 18:12:59 [INFO] ✓ autonomous completed in 32.0s
2026-02-05 18:22:00 [INFO] ▶ Running collect...
2026-02-05 18:25:01 [ERROR] ✗ collect timed out after 180s
2026-02-05 18:25:31 [INFO] ⏰ Detected wake from sleep (0:03:00.124795)
2026-02-05 18:27:31 [INFO] ▶ Running autonomous...
2026-02-05 18:28:04 [INFO] ✓ autonomous completed in 32.6s
2026-02-05 18:42:35 [INFO] ▶ Running autonomous...
2026-02-05 18:43:09 [INFO] ✓ autonomous completed in 33.6s
2026-02-05 18:52:10 [INFO] ▶ Running collect...
2026-02-05 18:55:10 [ERROR] ✗ collect timed out after 180s
2026-02-05 18:55:40 [INFO] ⏰ Detected wake from sleep (0:03:00.133135)
2026-02-05 18:57:40 [INFO] ▶ Running autonomous...
2026-02-05 18:59:39 [INFO] ✓ autonomous completed in 118.8s
2026-02-05 19:00:09 [INFO] ⏰ Detected wake from sleep (0:01:58.868913)
2026-02-05 19:12:41 [INFO] ▶ Running autonomous...
2026-02-05 19:13:16 [INFO] ✓ autonomous completed in 35.0s
2026-02-05 19:22:16 [INFO] ▶ Running collect...
2026-02-05 19:25:16 [ERROR] ✗ collect timed out after 180s
2026-02-05 19:25:46 [INFO] ⏰ Detected wake from sleep (0:03:00.083984)
2026-02-05 19:27:47 [INFO] ▶ Running autonomous...
2026-02-05 19:28:21 [INFO] ✓ autonomous completed in 34.7s
2026-02-05 19:42:53 [INFO] ▶ Running autonomous...
2026-02-05 19:43:24 [INFO] ✓ autonomous completed in 31.0s
2026-02-05 19:52:25 [INFO] ▶ Running collect...
2026-02-05 19:55:25 [ERROR] ✗ collect timed out after 180s
2026-02-05 19:55:55 [INFO] ⏰ Detected wake from sleep (0:03:00.118094)
2026-02-05 19:57:55 [INFO] ▶ Running autonomous...
2026-02-05 19:58:31 [INFO] ✓ autonomous completed in 35.2s
2026-02-05 20:13:03 [INFO] ▶ Running autonomous...
2026-02-05 20:13:17 [INFO] ✓ autonomous completed in 14.0s
2026-02-05 20:22:49 [INFO] ▶ Running collect...
2026-02-05 20:22:50 [INFO] ✓ collect completed in 1.2s
2026-02-05 20:28:22 [INFO] ▶ Running autonomous...
2026-02-05 20:28:36 [INFO] ✓ autonomous completed in 13.9s
2026-02-05 20:43:39 [INFO] ▶ Running autonomous...
2026-02-05 20:45:31 [INFO] ✓ autonomous completed in 112.5s
2026-02-05 20:46:01 [INFO] ⏰ Detected wake from sleep (0:01:52.586462)
2026-02-05 20:53:02 [INFO] ▶ Running collect...
2026-02-05 20:56:02 [ERROR] ✗ collect timed out after 180s
2026-02-05 20:56:32 [INFO] ⏰ Detected wake from sleep (0:03:00.174151)
2026-02-05 20:56:32 [INFO] ▶ Running collect...
2026-02-05 20:59:32 [ERROR] ✗ collect timed out after 180s
2026-02-05 20:59:32 [INFO] ▶ Running autonomous...
2026-02-05 21:00:09 [INFO] ✓ autonomous completed in 37.2s
2026-02-05 21:00:39 [INFO] ⏰ Detected wake from sleep (0:03:37.273434)
2026-02-05 21:00:39 [INFO] ▶ Running collect...
2026-02-05 21:03:39 [ERROR] ✗ collect timed out after 180s
2026-02-05 21:04:10 [INFO] ⏰ Detected wake from sleep (0:03:00.146521)
2026-02-05 21:08:40 [INFO] ▶ Running collect...
2026-02-05 21:11:40 [ERROR] ✗ collect timed out after 180s
2026-02-05 21:12:10 [INFO] ⏰ Detected wake from sleep (0:03:00.241328)
2026-02-05 21:14:41 [INFO] ▶ Running autonomous...
2026-02-05 21:15:16 [INFO] ✓ autonomous completed in 35.4s
2026-02-05 21:24:48 [INFO] ▶ Running collect...
2026-02-05 21:27:48 [ERROR] ✗ collect timed out after 180s
2026-02-05 21:28:18 [INFO] ⏰ Detected wake from sleep (0:03:00.171774)
2026-02-05 21:29:48 [INFO] ▶ Running autonomous...
2026-02-05 21:30:21 [INFO] ✓ autonomous completed in 32.3s
2026-02-05 21:44:53 [INFO] ▶ Running autonomous...
2026-02-05 21:45:29 [INFO] ✓ autonomous completed in 36.8s
2026-02-05 21:55:00 [INFO] ▶ Running collect...
2026-02-05 21:58:00 [ERROR] ✗ collect timed out after 180s
2026-02-05 21:58:31 [INFO] ⏰ Detected wake from sleep (0:03:00.237533)
2026-02-05 22:00:01 [INFO] ▶ Running autonomous...
2026-02-05 22:00:36 [INFO] ✓ autonomous completed in 35.6s
2026-02-05 22:15:08 [INFO] ▶ Running autonomous...
2026-02-05 22:15:56 [INFO] ✓ autonomous completed in 47.8s
2026-02-05 22:19:27 [INFO] ▶ Running backup...
2026-02-05 22:19:27 [INFO] ✓ backup completed in 0.8s
2026-02-05 22:25:28 [INFO] ▶ Running collect...
2026-02-05 22:28:28 [ERROR] ✗ collect timed out after 180s
2026-02-05 22:28:58 [INFO] ⏰ Detected wake from sleep (0:03:00.155783)
2026-02-05 22:30:28 [INFO] ▶ Running autonomous...
2026-02-05 22:31:05 [INFO] ✓ autonomous completed in 36.5s
2026-02-05 22:45:36 [INFO] ▶ Running autonomous...
2026-02-05 22:46:12 [INFO] ✓ autonomous completed in 35.5s
2026-02-05 22:55:43 [INFO] ▶ Running collect...
2026-02-05 22:58:43 [ERROR] ✗ collect timed out after 180s
2026-02-05 22:59:13 [INFO] ⏰ Detected wake from sleep (0:03:00.095099)
2026-02-05 23:00:43 [INFO] ▶ Running autonomous...
2026-02-05 23:01:34 [INFO] ✓ autonomous completed in 50.9s
2026-02-05 23:16:06 [INFO] ▶ Running autonomous...
2026-02-05 23:16:38 [INFO] ✓ autonomous completed in 32.4s
